<?xml version="1.0" encoding="UTF-8" ?>
<testsuite failures="0" time="0.065" errors="0" skipped="0" tests="1" name="ar.fi.uba.tecnicasdedisenio.ingenierosindustriales.simuladorfabricas.tests.TestCase">
  <properties>
    <property name="java.vendor" value="Sun Microsystems Inc."/>
    <property name="env.SESSION_MANAGER" value="local/santiago-laptop:/tmp/.ICE-unix/9924"/>
    <property name="env.LESSOPEN" value="| /usr/bin/lesspipe %s"/>
    <property name="localRepository" value="/home/santiago/.m2/repository"/>
    <property name="sun.java.launcher" value="SUN_STANDARD"/>
    <property name="sun.management.compiler" value="HotSpot 64-Bit Server Compiler"/>
    <property name="os.name" value="Linux"/>
    <property name="sun.boot.class.path" value="/usr/lib/jvm/java-6-sun-1.6.0.17/jre/lib/resources.jar:/usr/lib/jvm/java-6-sun-1.6.0.17/jre/lib/rt.jar:/usr/lib/jvm/java-6-sun-1.6.0.17/jre/lib/sunrsasign.jar:/usr/lib/jvm/java-6-sun-1.6.0.17/jre/lib/jsse.jar:/usr/lib/jvm/java-6-sun-1.6.0.17/jre/lib/jce.jar:/usr/lib/jvm/java-6-sun-1.6.0.17/jre/lib/charsets.jar:/usr/lib/jvm/java-6-sun-1.6.0.17/jre/classes"/>
    <property name="env.PWD" value="/home/santiago/workspace/TecnicasDeDiseño/target"/>
    <property name="env.XDG_SESSION_COOKIE" value="69f7b943260bd6f4f2fa154048582dd7-1273203169.128750-12302644"/>
    <property name="sun.desktop" value="gnome"/>
    <property name="env.LANG" value="es_AR.UTF-8"/>
    <property name="java.vm.specification.vendor" value="Sun Microsystems Inc."/>
    <property name="java.runtime.version" value="1.6.0_17-b04"/>
    <property name="env.DISPLAY" value=":0.0"/>
    <property name="user.name" value="santiago"/>
    <property name="env._" value="/usr/local/bin/eclipse"/>
    <property name="env.USER" value="santiago"/>
    <property name="env.HISTCONTROL" value="ignoreboth"/>
    <property name="env.SHELL" value="/bin/bash"/>
    <property name="env.MOZILLA_FIVE_HOME" value="/usr/lib64/xulrunner-addons"/>
    <property name="env.DESKTOP_SESSION" value="default"/>
    <property name="env.XDG_DATA_DIRS" value="/usr/local/share/:/usr/share/:/usr/share/gdm/"/>
    <property name="env.NLSPATH" value="/usr/dt/lib/nls/msg/%L/%N.cat"/>
    <property name="env.PATH" value="/usr/local/java/bin:/usr/local/apache-maven-2.0.9/bin:/usr/local/sbin:/usr/local/bin:/usr/sbin:/usr/bin:/sbin:/bin:/usr/games"/>
    <property name="user.language" value="es"/>
    <property name="sun.boot.library.path" value="/usr/lib/jvm/java-6-sun-1.6.0.17/jre/lib/amd64"/>
    <property name="classworlds.conf" value="/home/santiago/workspace/.metadata/.plugins/org.maven.ide.eclipse/launches/m2conf5652096988474321792.tmp"/>
    <property name="java.version" value="1.6.0_17"/>
    <property name="user.timezone" value=""/>
    <property name="env.DBUS_SESSION_BUS_ADDRESS" value="unix:abstract=/tmp/dbus-oEO7gyC3Yv,guid=32c755fd67c4ec2fe66754a04be389e3"/>
    <property name="sun.arch.data.model" value="64"/>
    <property name="java.endorsed.dirs" value="/usr/lib/jvm/java-6-sun-1.6.0.17/jre/lib/endorsed"/>
    <property name="sun.cpu.isalist" value=""/>
    <property name="sun.jnu.encoding" value="UTF-8"/>
    <property name="file.encoding.pkg" value="sun.io"/>
    <property name="env.SHLVL" value="1"/>
    <property name="file.separator" value="/"/>
    <property name="java.specification.name" value="Java Platform API Specification"/>
    <property name="env.GNOME_DESKTOP_SESSION_ID" value="Default"/>
    <property name="java.class.version" value="50.0"/>
    <property name="env.GDMSESSION" value="default"/>
    <property name="user.country" value="AR"/>
    <property name="env.GNOME_KEYRING_PID" value="9923"/>
    <property name="java.home" value="/usr/lib/jvm/java-6-sun-1.6.0.17/jre"/>
    <property name="java.vm.info" value="mixed mode"/>
    <property name="env.LOGNAME" value="santiago"/>
    <property name="os.version" value="2.6.24-27-generic"/>
    <property name="path.separator" value=":"/>
    <property name="java.vm.version" value="14.3-b01"/>
    <property name="env.DESKTOP_STARTUP_ID" value=""/>
    <property name="env.JAVA_HOME" value="/usr/local/java"/>
    <property name="java.awt.printerjob" value="sun.print.PSPrinterJob"/>
    <property name="env.TERM" value="xterm"/>
    <property name="env.WINDOWPATH" value="7"/>
    <property name="sun.io.unicode.encoding" value="UnicodeLittle"/>
    <property name="env.GDM_LANG" value="es_AR.UTF-8"/>
    <property name="user.home" value="/home/santiago"/>
    <property name="java.specification.vendor" value="Sun Microsystems Inc."/>
    <property name="env.WINDOWID" value="58720908"/>
    <property name="java.library.path" value="/usr/lib/jvm/java-6-sun-1.6.0.17/jre/lib/amd64/server:/usr/lib/jvm/java-6-sun-1.6.0.17/jre/lib/amd64:/usr/lib/jvm/java-6-sun-1.6.0.17/jre/../lib/amd64:/usr/lib64/xulrunner-addons:/usr/java/packages/lib/amd64:/lib:/usr/lib"/>
    <property name="java.vendor.url" value="http://java.sun.com/"/>
    <property name="env.GDM_XSERVER_LOCATION" value="local"/>
    <property name="java.vm.vendor" value="Sun Microsystems Inc."/>
    <property name="maven.home" value="EMBEDDED"/>
    <property name="java.runtime.name" value="Java(TM) SE Runtime Environment"/>
    <property name="java.class.path" value="/usr/local/eclipse-jee-galileo/plugins/org.maven.ide.components.maven_embedder_2.1.0.20080530-2300/jars/plexus-classworlds-1.2-alpha-12.jar"/>
    <property name="env.JBOSS_HOME" value="/usr/local/jboss-5.0.0.GA"/>
    <property name="env.XFILESEARCHPATH" value="/usr/dt/app-defaults/%L/Dt"/>
    <property name="java.vm.specification.name" value="Java Virtual Machine Specification"/>
    <property name="java.vm.specification.version" value="1.0"/>
    <property name="m2eclipse.workspace.state" value="/home/santiago/workspace/.metadata/.plugins/org.maven.ide.eclipse/workspacestate.properties"/>
    <property name="sun.os.patch.level" value="unknown"/>
    <property name="sun.cpu.endian" value="little"/>
    <property name="env.GTK_RC_FILES" value="/etc/gtk/gtkrc:/home/santiago/.gtkrc-1.2-gnome2"/>
    <property name="env.HOME" value="/home/santiago"/>
    <property name="surefire.test.class.path" value="/home/santiago/workspace/TecnicasDeDiseño/target/test-classes:/home/santiago/workspace/TecnicasDeDiseño/target/classes:/home/santiago/.m2/repository/swt/swt-linux-gtk-64/3.5.1/swt-linux-gtk-64-3.5.1.jar:/home/santiago/.m2/repository/commons-logging/commons-logging/1.1.1/commons-logging-1.1.1.jar:/home/santiago/.m2/repository/log4j/log4j/1.2.9/log4j-1.2.9.jar:/home/santiago/.m2/repository/org/jdom/jdom/1.1/jdom-1.1.jar:/home/santiago/.m2/repository/commons-collections/commons-collections/3.2.1/commons-collections-3.2.1.jar:/home/santiago/.m2/repository/junit/junit/4.8.1/junit-4.8.1.jar:"/>
    <property name="java.io.tmpdir" value="/tmp"/>
    <property name="env.LD_LIBRARY_PATH" value="/usr/lib/jvm/java-6-sun-1.6.0.17/jre/lib/amd64/server:/usr/lib/jvm/java-6-sun-1.6.0.17/jre/lib/amd64:/usr/lib/jvm/java-6-sun-1.6.0.17/jre/../lib/amd64:/usr/lib64/xulrunner-addons"/>
    <property name="env.LS_COLORS" value="no=00:fi=00:di=01;34:ln=01;36:pi=40;33:so=01;35:do=01;35:bd=40;33;01:cd=40;33;01:or=40;31;01:su=37;41:sg=30;43:tw=30;42:ow=34;42:st=37;44:ex=01;32:*.tar=01;31:*.tgz=01;31:*.svgz=01;31:*.arj=01;31:*.taz=01;31:*.lzh=01;31:*.lzma=01;31:*.zip=01;31:*.z=01;31:*.Z=01;31:*.dz=01;31:*.gz=01;31:*.bz2=01;31:*.bz=01;31:*.tbz2=01;31:*.tz=01;31:*.deb=01;31:*.rpm=01;31:*.jar=01;31:*.rar=01;31:*.ace=01;31:*.zoo=01;31:*.cpio=01;31:*.7z=01;31:*.rz=01;31:*.jpg=01;35:*.jpeg=01;35:*.gif=01;35:*.bmp=01;35:*.pbm=01;35:*.pgm=01;35:*.ppm=01;35:*.tga=01;35:*.xbm=01;35:*.xpm=01;35:*.tif=01;35:*.tiff=01;35:*.png=01;35:*.svg=01;35:*.mng=01;35:*.pcx=01;35:*.mov=01;35:*.mpg=01;35:*.mpeg=01;35:*.m2v=01;35:*.mkv=01;35:*.ogm=01;35:*.mp4=01;35:*.m4v=01;35:*.mp4v=01;35:*.vob=01;35:*.qt=01;35:*.nuv=01;35:*.wmv=01;35:*.asf=01;35:*.rm=01;35:*.rmvb=01;35:*.flc=01;35:*.avi=01;35:*.fli=01;35:*.gl=01;35:*.dl=01;35:*.xcf=01;35:*.xwd=01;35:*.yuv=01;35:*.aac=00;36:*.au=00;36:*.flac=00;36:*.mid=00;36:*.midi=00;36:*.mka=00;36:*.mp3=00;36:*.mpc=00;36:*.ogg=00;36:*.ra=00;36:*.wav=00;36:"/>
    <property name="java.vendor.url.bug" value="http://java.sun.com/cgi-bin/bugreport.cgi"/>
    <property name="env.SSH_AUTH_SOCK" value="/tmp/keyring-olCZse/ssh"/>
    <property name="java.awt.graphicsenv" value="sun.awt.X11GraphicsEnvironment"/>
    <property name="os.arch" value="amd64"/>
    <property name="java.ext.dirs" value="/usr/lib/jvm/java-6-sun-1.6.0.17/jre/lib/ext:/usr/java/packages/lib/ext"/>
    <property name="user.dir" value="/home/santiago/workspace/TecnicasDeDiseño"/>
    <property name="env.XAUTHORITY" value="/home/santiago/.Xauthority"/>
    <property name="line.separator" value="
"/>
    <property name="java.vm.name" value="Java HotSpot(TM) 64-Bit Server VM"/>
    <property name="env.COLORTERM" value="gnome-terminal"/>
    <property name="basedir" value="/home/santiago/workspace/TecnicasDeDiseño"/>
    <property name="maven.mode.standalone" value="true"/>
    <property name="env.USERNAME" value="santiago"/>
    <property name="file.encoding" value="UTF-8"/>
    <property name="env.GNOME_KEYRING_SOCKET" value="/tmp/keyring-olCZse/socket"/>
    <property name="env.GPG_AGENT_INFO" value="/tmp/seahorse-qjwxHW/S.gpg-agent:10007:1"/>
    <property name="java.specification.version" value="1.6"/>
    <property name="env.LESSCLOSE" value="/usr/bin/lesspipe %s %s"/>
  </properties>
  <testcase time="0.025" classname="ar.fi.uba.tecnicasdedisenio.ingenierosindustriales.simuladorfabricas.tests.TestCase" name="testGetTexto"/>
</testsuite>